<?xml version="1.0" encoding="UTF-8"?>
<testng-results skipped="0" failed="0" ignored="0" total="1" passed="1">
  <reporter-output>
  </reporter-output>
  <suite name="Suite" duration-ms="37939" started-at="2018-11-26T16:35:41Z" finished-at="2018-11-26T16:36:19Z">
    <groups>
    </groups>
    <test name="Test" duration-ms="37939" started-at="2018-11-26T16:35:41Z" finished-at="2018-11-26T16:36:19Z">
      <class name="tests.Very_Home_Page">
        <test-method status="PASS" signature="setup()[pri:0, instance:tests.Very_Home_Page@343f4d3d]" name="setup" is-config="true" duration-ms="13650" started-at="2018-11-26T16:35:41Z" finished-at="2018-11-26T16:35:55Z">
          <reporter-output>
          </reporter-output>
        </test-method> <!-- setup -->
        <test-method status="PASS" signature="startCreatingQuickFuseApp()[pri:0, instance:tests.Very_Home_Page@343f4d3d]" name="startCreatingQuickFuseApp" duration-ms="19176" started-at="2018-11-26T16:35:55Z" finished-at="2018-11-26T16:36:14Z">
          <reporter-output>
          </reporter-output>
        </test-method> <!-- startCreatingQuickFuseApp -->
        <test-method status="PASS" signature="tearDown()[pri:0, instance:tests.Very_Home_Page@343f4d3d]" name="tearDown" is-config="true" duration-ms="5083" started-at="2018-11-26T16:36:14Z" finished-at="2018-11-26T16:36:19Z">
          <reporter-output>
          </reporter-output>
        </test-method> <!-- tearDown -->
      </class> <!-- tests.Very_Home_Page -->
    </test> <!-- Test -->
  </suite> <!-- Suite -->
</testng-results>
